<?xml version="1.0" encoding="UTF-8"?>
<testsuite xmlns:xsi="http://www.w3.org/2001/XMLSchema-instance" xsi:noNamespaceSchemaLocation="https://maven.apache.org/surefire/maven-surefire-plugin/xsd/surefire-test-report.xsd" name="tc1" time="0.07" tests="1" errors="0" skipped="0" failures="0">
  <properties>
    <property name="java.specification.version" value="21"/>
    <property name="sun.cpu.isalist" value="amd64"/>
    <property name="sun.jnu.encoding" value="Cp1252"/>
    <property name="java.class.path" value="C:\Wipro batch Feb 2025\Selenium demo\simple\target\test-classes;C:\Wipro batch Feb 2025\Selenium demo\simple\target\classes;C:\Users\conta\.m2\repository\junit\junit\4.13\junit-4.13.jar;C:\Users\conta\.m2\repository\org\hamcrest\hamcrest-core\1.3\hamcrest-core-1.3.jar;"/>
    <property name="java.vm.vendor" value="Oracle Corporation"/>
    <property name="sun.arch.data.model" value="64"/>
    <property name="user.variant" value=""/>
    <property name="java.vendor.url" value="https://java.oracle.com/"/>
    <property name="user.timezone" value="Asia/Calcutta"/>
    <property name="os.name" value="Windows 11"/>
    <property name="java.vm.specification.version" value="21"/>
    <property name="sun.java.launcher" value="SUN_STANDARD"/>
    <property name="user.country" value="IN"/>
    <property name="sun.boot.library.path" value="C:\Program Files\Java\jdk-21\bin"/>
    <property name="sun.java.command" value="C:\Users\conta\AppData\Local\Temp\surefire15966967594453881085\surefirebooter2913295395075460583.jar C:\Users\conta\AppData\Local\Temp\surefire15966967594453881085 2025-03-08T11-54-15_379-jvmRun1 surefire1767695870649663052tmp surefire_010560133669107446499tmp"/>
    <property name="jdk.debug" value="release"/>
    <property name="surefire.test.class.path" value="C:\Wipro batch Feb 2025\Selenium demo\simple\target\test-classes;C:\Wipro batch Feb 2025\Selenium demo\simple\target\classes;C:\Users\conta\.m2\repository\junit\junit\4.13\junit-4.13.jar;C:\Users\conta\.m2\repository\org\hamcrest\hamcrest-core\1.3\hamcrest-core-1.3.jar;"/>
    <property name="sun.cpu.endian" value="little"/>
    <property name="user.home" value="C:\Users\conta"/>
    <property name="user.language" value="en"/>
    <property name="java.specification.vendor" value="Oracle Corporation"/>
    <property name="java.version.date" value="2024-10-15"/>
    <property name="java.home" value="C:\Program Files\Java\jdk-21"/>
    <property name="file.separator" value="\"/>
    <property name="basedir" value="C:\Wipro batch Feb 2025\Selenium demo\simple"/>
    <property name="java.vm.compressedOopsMode" value="32-bit"/>
    <property name="line.separator" value="&#10;"/>
    <property name="java.vm.specification.vendor" value="Oracle Corporation"/>
    <property name="java.specification.name" value="Java Platform API Specification"/>
    <property name="surefire.real.class.path" value="C:\Users\conta\AppData\Local\Temp\surefire15966967594453881085\surefirebooter2913295395075460583.jar"/>
    <property name="user.script" value=""/>
    <property name="sun.management.compiler" value="HotSpot 64-Bit Tiered Compilers"/>
    <property name="java.runtime.version" value="21.0.5+9-LTS-239"/>
    <property name="user.name" value="conta"/>
    <property name="stdout.encoding" value="Cp1252"/>
    <property name="path.separator" value=";"/>
    <property name="os.version" value="10.0"/>
    <property name="java.runtime.name" value="Java(TM) SE Runtime Environment"/>
    <property name="file.encoding" value="UTF-8"/>
    <property name="java.vm.name" value="Java HotSpot(TM) 64-Bit Server VM"/>
    <property name="localRepository" value="C:\Users\conta\.m2\repository"/>
    <property name="java.vendor.url.bug" value="https://bugreport.java.com/bugreport/"/>
    <property name="java.io.tmpdir" value="C:\Users\conta\AppData\Local\Temp\"/>
    <property name="java.version" value="21.0.5"/>
    <property name="user.dir" value="C:\Wipro batch Feb 2025\Selenium demo\simple"/>
    <property name="os.arch" value="amd64"/>
    <property name="java.vm.specification.name" value="Java Virtual Machine Specification"/>
    <property name="sun.os.patch.level" value=""/>
    <property name="native.encoding" value="Cp1252"/>
    <property name="java.library.path" value="C:\Program Files\Java\jdk-21\bin;C:\WINDOWS\Sun\Java\bin;C:\WINDOWS\system32;C:\WINDOWS;C:\Program Files\Java\jdk-21\bin;C:\Maven\apache-maven-3.9.9-bin\apache-maven-3.9.9\bin;C:\Program Files\Common Files\Oracle\Java\javapath;C:\WINDOWS\system32;C:\WINDOWS;C:\WINDOWS\System32\Wbem;C:\WINDOWS\System32\WindowsPowerShell\v1.0\;C:\WINDOWS\System32\OpenSSH\;%JAVA_HOME%\bin;C:\Program Files\Microsoft SQL Server\150\Tools\Binn\;C:\Program Files\Microsoft SQL Server\Client SDK\ODBC\170\Tools\Binn\;C:\Program Files\dotnet\;C:\Users\conta\OneDrive\Desktop\Selenium downloads\apache-maven-3.9.0-bin\apache-maven-3.9.0\bin;C:\msys64\mingw64\bin;C:\Program Files\boost\boost_1_82_0\boost_1_82_0\boost;C:\ProgramData\chocolatey\bin;C:\Program Files\nodejs;C:\Mockito\Downloads\mockito-all-1.10.19.jar;C:\Program Files (x86)\OpenText\UFT One\bin;C:\Program Files\nodejs\;C:\Wipro java programs\Selenium downloads\apache-ant-1.10.14-bin\apache-ant-1.10.14\bin;C:\Incedo\Oct 2024\Downloads Selenium\apache-maven-3.9.9-bin\apache-maven-3.9.9\bin;C:\Wipro batch Feb 2025\Selenium downloads\apache-log4j-2.24.3-bin;C:\Program Files\Git\cmd;C:\Users\conta\AppData\Local\Microsoft\WindowsApps;C:\Users\conta\AppData\Local\Programs\Microsoft VS Code\bin;C:\Users\conta\AppData\Roaming\npm;C:\Users\conta\.dotnet\tools;."/>
    <property name="java.vm.info" value="mixed mode, sharing"/>
    <property name="stderr.encoding" value="Cp1252"/>
    <property name="java.vendor" value="Oracle Corporation"/>
    <property name="java.vm.version" value="21.0.5+9-LTS-239"/>
    <property name="sun.io.unicode.encoding" value="UnicodeLittle"/>
    <property name="java.class.version" value="65.0"/>
  </properties>
  <testcase name="test" classname="tc1" time="0.01"/>
</testsuite>